<?xml version="1.0" encoding="UTF-8"?>
<testng-results ignored="0" total="1" passed="1" failed="0" skipped="0">
  <reporter-output>
  </reporter-output>
  <suite started-at="2024-05-09T14:50:08 IST" name="Default suite" finished-at="2024-05-09T14:50:27 IST" duration-ms="19358">
    <groups>
    </groups>
    <test started-at="2024-05-09T14:50:08 IST" name="Default test" finished-at="2024-05-09T14:50:27 IST" duration-ms="19358">
      <class name="practice.ExtentReport.sampleReportTest">
        <test-method is-config="true" signature="configBS()[pri:0, instance:practice.ExtentReport.sampleReportTest@3c9754d8]" started-at="2024-05-09T14:50:08 IST" name="configBS" finished-at="2024-05-09T14:50:08 IST" duration-ms="454" status="PASS">
          <reporter-output>
          </reporter-output>
        </test-method> <!-- configBS -->
        <test-method signature="createContactTest()[pri:0, instance:practice.ExtentReport.sampleReportTest@3c9754d8]" started-at="2024-05-09T14:50:08 IST" name="createContactTest" finished-at="2024-05-09T14:50:27 IST" duration-ms="19302" status="PASS">
          <reporter-output>
          </reporter-output>
        </test-method> <!-- createContactTest -->
        <test-method is-config="true" signature="configAS()[pri:0, instance:practice.ExtentReport.sampleReportTest@3c9754d8]" started-at="2024-05-09T14:50:27 IST" name="configAS" finished-at="2024-05-09T14:50:28 IST" duration-ms="909" status="PASS">
          <reporter-output>
          </reporter-output>
        </test-method> <!-- configAS -->
      </class> <!-- practice.ExtentReport.sampleReportTest -->
    </test> <!-- Default test -->
  </suite> <!-- Default suite -->
</testng-results>
